; =========================================
; Z3 Solver Result
; =========================================

; STATUS: SAT

(set-logic QF_LIA)

(model
  (define-fun C2_VM2 () Int 1)
  (define-fun C5_VM6 () Int 1)
  (define-fun C2_VM1 () Int 0)
  (define-fun C3_VM5 () Int 0)
  (define-fun PriceProv2 () Int 120)
  (define-fun PriceProv6 () Int 120)
  (define-fun VM3Type () Int 24)
  (define-fun StorageProv5 () Int 69000)
  (define-fun C1_VM2 () Int 0)
  (define-fun C4_VM3 () Int 1)
  (define-fun MemProv6 () Int 1350)
  (define-fun C3_VM4 () Int 0)
  (define-fun C4_VM4 () Int 0)
  (define-fun C3_VM2 () Int 0)
  (define-fun C2_VM3 () Int 0)
  (define-fun StorageProv3 () Int 87000)
  (define-fun C5_VM2 () Int 1)
  (define-fun StorageProv4 () Int 1999)
  (define-fun VM1Type () Int 7)
  (define-fun C5_VM3 () Int 0)
  (define-fun PriceProv3 () Int 1680)
  (define-fun C4_VM5 () Int 0)
  (define-fun C1_VM6 () Int 0)
  (define-fun C3_VM6 () Int 0)
  (define-fun C3_VM3 () Int 0)
  (define-fun PriceProv1 () Int 240)
  (define-fun C2_VM4 () Int 0)
  (define-fun ProcProv5 () Int 1800)
  (define-fun VM6Type () Int 1)
  (define-fun StorageProv6 () Int 42000)
  (define-fun C1_VM1 () Int 0)
  (define-fun PriceProv5 () Int 240)
  (define-fun StorageProv1 () Int 69000)
  (define-fun C2_VM5 () Int 0)
  (define-fun ProcProv3 () Int 3600)
  (define-fun VM2Type () Int 1)
  (define-fun C2_VM6 () Int 1)
  (define-fun MemProv2 () Int 1350)
  (define-fun MemProv5 () Int 3150)
  (define-fun C1_VM4 () Int 0)
  (define-fun VM4Type () Int 0)
  (define-fun ProcProv4 () Int 7)
  (define-fun C5_VM5 () Int 0)
  (define-fun MemProv1 () Int 3150)
  (define-fun MemProv4 () Int 121999)
  (define-fun C4_VM6 () Int 0)
  (define-fun MemProv3 () Int 28350)
  (define-fun C4_VM1 () Int 0)
  (define-fun C3_VM1 () Int 1)
  (define-fun VM5Type () Int 7)
  (define-fun ProcProv1 () Int 1800)
  (define-fun C1_VM5 () Int 1)
  (define-fun ProcProv2 () Int 900)
  (define-fun ProcProv6 () Int 900)
  (define-fun C1_VM3 () Int 0)
  (define-fun C4_VM2 () Int 0)
  (define-fun C5_VM1 () Int 1)
  (define-fun C5_VM4 () Int 0)
  (define-fun PriceProv4 () Int 0)
  (define-fun StorageProv2 () Int 42000)
)

; =========================================
; Z3 Statistics (-st equivalent)
; =========================================

conflicts: 2291
decisions: 10157
propagations: 646945
binary propagations: 551360
restarts: 8
final checks: 109
added eqs: 27959
mk clause: 3699
mk clause binary: 4030
del clause: 3154
minimized lits: 11947
num checks: 84
mk bool var: 1526
arith-lower: 317218
arith-upper: 175049
arith-conflicts: 893
arith-bound-propagations-lp: 131918
arith-make-feasible: 15766
arith-max-columns: 157
arith-max-rows: 87
arith-offset-eqs: 10104
arith-fixed-eqs: 23187
solve-eqs-steps: 10
solve-eqs-elim-vars: 1
num allocs: 7382318
rlimit count: 2766807
max memory: 20.36
memory: 20.36
time: 0.833

; End of SMT2LIB result file
