; =========================================
; Z3 Solver Result
; =========================================

; STATUS: SAT

(set-logic QF_LIA)

(model
  (define-fun C2_VM2 () Int 1)
  (define-fun C5_VM6 () Int 1)
  (define-fun C2_VM1 () Int 0)
  (define-fun C3_VM5 () Int 0)
  (define-fun PriceProv2 () Int 210)
  (define-fun PriceProv6 () Int 420)
  (define-fun VM3Type () Int 341)
  (define-fun StorageProv5 () Int 2000)
  (define-fun C1_VM2 () Int 0)
  (define-fun C4_VM3 () Int 0)
  (define-fun MemProv6 () Int 15000)
  (define-fun C3_VM4 () Int 0)
  (define-fun C4_VM4 () Int 0)
  (define-fun C3_VM2 () Int 0)
  (define-fun C2_VM3 () Int 0)
  (define-fun StorageProv3 () Int 2000)
  (define-fun C5_VM2 () Int 1)
  (define-fun StorageProv4 () Int 1999)
  (define-fun VM1Type () Int 252)
  (define-fun C5_VM3 () Int 0)
  (define-fun PriceProv3 () Int 210)
  (define-fun C4_VM5 () Int 0)
  (define-fun C1_VM6 () Int 0)
  (define-fun C3_VM6 () Int 1)
  (define-fun C3_VM3 () Int 0)
  (define-fun PriceProv1 () Int 532)
  (define-fun C2_VM4 () Int 0)
  (define-fun ProcProv5 () Int 4)
  (define-fun VM6Type () Int 278)
  (define-fun StorageProv6 () Int 2000)
  (define-fun C1_VM1 () Int 0)
  (define-fun PriceProv5 () Int 210)
  (define-fun StorageProv1 () Int 2000)
  (define-fun C2_VM5 () Int 1)
  (define-fun ProcProv3 () Int 4)
  (define-fun VM2Type () Int 341)
  (define-fun C2_VM6 () Int 0)
  (define-fun MemProv2 () Int 7500)
  (define-fun MemProv5 () Int 7500)
  (define-fun C1_VM4 () Int 0)
  (define-fun VM4Type () Int 0)
  (define-fun ProcProv4 () Int 7)
  (define-fun C5_VM5 () Int 1)
  (define-fun MemProv1 () Int 30000)
  (define-fun MemProv4 () Int 121999)
  (define-fun C4_VM6 () Int 0)
  (define-fun MemProv3 () Int 7500)
  (define-fun C4_VM1 () Int 1)
  (define-fun C3_VM1 () Int 0)
  (define-fun VM5Type () Int 341)
  (define-fun ProcProv1 () Int 8)
  (define-fun C1_VM5 () Int 0)
  (define-fun ProcProv2 () Int 4)
  (define-fun ProcProv6 () Int 8)
  (define-fun C1_VM3 () Int 1)
  (define-fun C4_VM2 () Int 0)
  (define-fun C5_VM1 () Int 0)
  (define-fun C5_VM4 () Int 0)
  (define-fun PriceProv4 () Int 0)
  (define-fun StorageProv2 () Int 2000)
)

; =========================================
; Z3 Statistics (-st equivalent)
; =========================================

conflicts: 9179
decisions: 74130
propagations: 22431518
binary propagations: 20407446
restarts: 31
final checks: 157
added eqs: 61518
mk clause: 19476
mk clause binary: 63399
del clause: 10428
minimized lits: 1172905
num checks: 121
mk bool var: 18355
arith-lower: 9523987
arith-upper: 5145018
arith-conflicts: 2456
arith-bound-propagations-lp: 6315163
arith-make-feasible: 43998
arith-max-columns: 157
arith-max-rows: 87
arith-offset-eqs: 24421
arith-fixed-eqs: 56581
solve-eqs-steps: 10
solve-eqs-elim-vars: 1
num allocs: 3104226499
rlimit count: 68167568
max memory: 43.38
memory: 40.88
time: 6.984

; End of SMT2LIB result file
