; =========================================
; Z3 Solver Result
; =========================================

; STATUS: SAT

(set-logic QF_LIA)

(model
  (define-fun C2_VM2 () Int 0)
  (define-fun C2_VM1 () Int 0)
  (define-fun C3_VM5 () Int 0)
  (define-fun PriceProv2 () Int 210)
  (define-fun StorageProv5 () Int 2000)
  (define-fun C1_VM2 () Int 0)
  (define-fun C4_VM3 () Int 0)
  (define-fun C3_VM4 () Int 0)
  (define-fun C4_VM4 () Int 1)
  (define-fun C2_VM3 () Int 0)
  (define-fun StorageProv3 () Int 2000)
  (define-fun C5_VM2 () Int 0)
  (define-fun StorageProv4 () Int 2000)
  (define-fun VM1Type () Int 182)
  (define-fun C5_VM3 () Int 0)
  (define-fun PriceProv3 () Int 210)
  (define-fun C4_VM5 () Int 0)
  (define-fun PriceProv1 () Int 210)
  (define-fun ProcProv5 () Int 2)
  (define-fun C2_VM4 () Int 0)
  (define-fun C1_VM1 () Int 0)
  (define-fun PriceProv5 () Int 126)
  (define-fun StorageProv1 () Int 2000)
  (define-fun C2_VM5 () Int 1)
  (define-fun ProcProv3 () Int 4)
  (define-fun VM2Type () Int 182)
  (define-fun MemProv2 () Int 7500)
  (define-fun MemProv5 () Int 3750)
  (define-fun VM4Type () Int 225)
  (define-fun ProcProv4 () Int 2)
  (define-fun C5_VM5 () Int 0)
  (define-fun MemProv1 () Int 7500)
  (define-fun MemProv4 () Int 3750)
  (define-fun MemProv3 () Int 7500)
  (define-fun C4_VM1 () Int 0)
  (define-fun C3_VM1 () Int 0)
  (define-fun VM5Type () Int 225)
  (define-fun ProcProv1 () Int 4)
  (define-fun C1_VM5 () Int 0)
  (define-fun ProcProv2 () Int 4)
  (define-fun C1_VM3 () Int 1)
  (define-fun C4_VM2 () Int 0)
  (define-fun PriceProv4 () Int 126)
  (define-fun C5_VM1 () Int 1)
  (define-fun StorageProv2 () Int 2000)
  (define-fun C3_VM3 () Int 0)
  (define-fun C5_VM4 () Int 0)
  (define-fun C1_VM4 () Int 0)
  (define-fun C3_VM2 () Int 1)
  (define-fun VM3Type () Int 182)
)

; =========================================
; Z3 Statistics (-st equivalent)
; =========================================

conflicts: 6099
decisions: 46855
propagations: 6936088
binary propagations: 6126499
restarts: 22
final checks: 149
added eqs: 23446
mk clause: 9788
mk clause binary: 27201
del clause: 5977
minimized lits: 868974
num checks: 116
mk bool var: 8105
arith-lower: 3052483
arith-upper: 1498082
arith-conflicts: 1541
arith-bound-propagations-lp: 1182708
arith-make-feasible: 27936
arith-max-columns: 111
arith-max-rows: 57
arith-offset-eqs: 6678
arith-fixed-eqs: 23268
solve-eqs-steps: 16
solve-eqs-elim-vars: 2
num allocs: 626578047
rlimit count: 20365204
max memory: 29.5
memory: 27.77
time: 2.267

; End of SMT2LIB result file
