; =========================================
; Z3 Solver Result
; =========================================

; STATUS: SAT

(set-logic QF_LIA)

(model
  (define-fun C2_VM2 () Int 0)
  (define-fun C2_VM1 () Int 0)
  (define-fun C3_VM5 () Int 1)
  (define-fun PriceProv2 () Int 116)
  (define-fun StorageProv5 () Int 2000)
  (define-fun C1_VM2 () Int 0)
  (define-fun C4_VM3 () Int 0)
  (define-fun C3_VM4 () Int 0)
  (define-fun C4_VM4 () Int 0)
  (define-fun C2_VM3 () Int 0)
  (define-fun StorageProv3 () Int 2000)
  (define-fun C5_VM2 () Int 0)
  (define-fun StorageProv4 () Int 2000)
  (define-fun VM1Type () Int 341)
  (define-fun C5_VM3 () Int 0)
  (define-fun PriceProv3 () Int 210)
  (define-fun C4_VM5 () Int 0)
  (define-fun PriceProv1 () Int 210)
  (define-fun ProcProv5 () Int 4)
  (define-fun C2_VM4 () Int 1)
  (define-fun C1_VM1 () Int 0)
  (define-fun PriceProv5 () Int 210)
  (define-fun StorageProv1 () Int 2000)
  (define-fun C2_VM5 () Int 0)
  (define-fun ProcProv3 () Int 4)
  (define-fun VM2Type () Int 433)
  (define-fun MemProv2 () Int 3750)
  (define-fun MemProv5 () Int 7500)
  (define-fun VM4Type () Int 433)
  (define-fun ProcProv4 () Int 2)
  (define-fun C5_VM5 () Int 0)
  (define-fun MemProv1 () Int 7500)
  (define-fun MemProv4 () Int 3750)
  (define-fun MemProv3 () Int 7500)
  (define-fun C4_VM1 () Int 0)
  (define-fun C3_VM1 () Int 0)
  (define-fun VM5Type () Int 341)
  (define-fun ProcProv1 () Int 4)
  (define-fun C1_VM5 () Int 0)
  (define-fun ProcProv2 () Int 2)
  (define-fun C1_VM3 () Int 1)
  (define-fun C4_VM2 () Int 1)
  (define-fun PriceProv4 () Int 116)
  (define-fun C5_VM1 () Int 1)
  (define-fun StorageProv2 () Int 2000)
  (define-fun C3_VM3 () Int 0)
  (define-fun C5_VM4 () Int 0)
  (define-fun C1_VM4 () Int 0)
  (define-fun C3_VM2 () Int 0)
  (define-fun VM3Type () Int 341)
)

; =========================================
; Z3 Statistics (-st equivalent)
; =========================================

conflicts: 6989
decisions: 84386
propagations: 16223926
binary propagations: 14199001
restarts: 22
final checks: 113
added eqs: 23913
mk clause: 14341
mk clause binary: 52757
del clause: 6780
minimized lits: 1277196
num checks: 88
mk bool var: 15224
arith-lower: 6313604
arith-upper: 3919339
arith-conflicts: 1757
arith-bound-propagations-lp: 2833471
arith-make-feasible: 30470
arith-max-columns: 111
arith-max-rows: 57
arith-offset-eqs: 6838
arith-fixed-eqs: 24463
solve-eqs-steps: 16
solve-eqs-elim-vars: 2
num allocs: 1496556582
rlimit count: 43906595
max memory: 39.79
memory: 36.32
time: 4.489

; End of SMT2LIB result file
