; =========================================
; Z3 Solver Result
; =========================================

; STATUS: SAT

(set-logic QF_LIA)

(model
  (define-fun C2_VM2 () Int 0)
  (define-fun C2_VM1 () Int 1)
  (define-fun C3_VM5 () Int 0)
  (define-fun PriceProv2 () Int 240)
  (define-fun StorageProv5 () Int 1000)
  (define-fun C1_VM2 () Int 0)
  (define-fun C4_VM3 () Int 0)
  (define-fun C3_VM4 () Int 0)
  (define-fun C4_VM4 () Int 0)
  (define-fun C2_VM3 () Int 0)
  (define-fun StorageProv3 () Int 141000)
  (define-fun C5_VM2 () Int 1)
  (define-fun StorageProv4 () Int 0)
  (define-fun VM1Type () Int 10)
  (define-fun C5_VM3 () Int 0)
  (define-fun PriceProv3 () Int 480)
  (define-fun C4_VM5 () Int 0)
  (define-fun PriceProv1 () Int 480)
  (define-fun ProcProv5 () Int 4)
  (define-fun C2_VM4 () Int 0)
  (define-fun C1_VM1 () Int 0)
  (define-fun PriceProv5 () Int 0)
  (define-fun StorageProv1 () Int 141000)
  (define-fun C2_VM5 () Int 0)
  (define-fun ProcProv3 () Int 3600)
  (define-fun VM2Type () Int 7)
  (define-fun MemProv2 () Int 3150)
  (define-fun MemProv5 () Int 30500)
  (define-fun VM4Type () Int 0)
  (define-fun ProcProv4 () Int 0)
  (define-fun C5_VM5 () Int 0)
  (define-fun MemProv1 () Int 6750)
  (define-fun MemProv4 () Int 3151)
  (define-fun MemProv3 () Int 6750)
  (define-fun C4_VM1 () Int 1)
  (define-fun C3_VM1 () Int 1)
  (define-fun VM5Type () Int 0)
  (define-fun ProcProv1 () Int 3600)
  (define-fun C1_VM5 () Int 0)
  (define-fun ProcProv2 () Int 1800)
  (define-fun C1_VM3 () Int 1)
  (define-fun C4_VM2 () Int 0)
  (define-fun PriceProv4 () Int 0)
  (define-fun C5_VM1 () Int 0)
  (define-fun StorageProv2 () Int 69000)
  (define-fun C3_VM3 () Int 0)
  (define-fun C5_VM4 () Int 0)
  (define-fun C1_VM4 () Int 0)
  (define-fun C3_VM2 () Int 0)
  (define-fun VM3Type () Int 10)
)

; =========================================
; Z3 Statistics (-st equivalent)
; =========================================

conflicts: 869
decisions: 7231
propagations: 230537
binary propagations: 207367
restarts: 3
final checks: 109
added eqs: 7048
mk clause: 1287
mk clause binary: 3285
del clause: 862
minimized lits: 3234
num checks: 84
mk bool var: 1241
arith-lower: 110394
arith-upper: 65386
arith-conflicts: 190
arith-bound-propagations-lp: 32138
arith-make-feasible: 8558
arith-max-columns: 111
arith-max-rows: 57
arith-offset-eqs: 1993
arith-fixed-eqs: 5928
solve-eqs-steps: 16
solve-eqs-elim-vars: 2
num allocs: 4380688
rlimit count: 1116916
max memory: 19.65
memory: 19.65
time: 0.24

; End of SMT2LIB result file
