; =========================================
; Z3 Solver Result
; =========================================

; STATUS: SAT

(set-logic QF_LIA)

(model
  (define-fun C2_VM2 () Int 0)
  (define-fun C2_VM1 () Int 0)
  (define-fun C3_VM5 () Int 1)
  (define-fun PriceProv2 () Int 128)
  (define-fun StorageProv5 () Int 2000)
  (define-fun C1_VM2 () Int 0)
  (define-fun C4_VM3 () Int 0)
  (define-fun C3_VM4 () Int 0)
  (define-fun C4_VM4 () Int 0)
  (define-fun C2_VM3 () Int 0)
  (define-fun StorageProv3 () Int 2000)
  (define-fun C5_VM2 () Int 0)
  (define-fun StorageProv4 () Int 2000)
  (define-fun VM1Type () Int 26)
  (define-fun C5_VM3 () Int 0)
  (define-fun PriceProv3 () Int 252)
  (define-fun C4_VM5 () Int 0)
  (define-fun PriceProv1 () Int 252)
  (define-fun ProcProv5 () Int 4)
  (define-fun C2_VM4 () Int 1)
  (define-fun C1_VM1 () Int 0)
  (define-fun PriceProv5 () Int 252)
  (define-fun StorageProv1 () Int 2000)
  (define-fun C2_VM5 () Int 0)
  (define-fun ProcProv3 () Int 4)
  (define-fun VM2Type () Int 37)
  (define-fun MemProv2 () Int 3750)
  (define-fun MemProv5 () Int 7500)
  (define-fun VM4Type () Int 37)
  (define-fun ProcProv4 () Int 2)
  (define-fun C5_VM5 () Int 0)
  (define-fun MemProv1 () Int 7500)
  (define-fun MemProv4 () Int 3750)
  (define-fun MemProv3 () Int 7500)
  (define-fun C4_VM1 () Int 0)
  (define-fun C3_VM1 () Int 0)
  (define-fun VM5Type () Int 26)
  (define-fun ProcProv1 () Int 4)
  (define-fun C1_VM5 () Int 0)
  (define-fun ProcProv2 () Int 2)
  (define-fun C1_VM3 () Int 1)
  (define-fun C4_VM2 () Int 1)
  (define-fun PriceProv4 () Int 128)
  (define-fun C5_VM1 () Int 1)
  (define-fun StorageProv2 () Int 2000)
  (define-fun C3_VM3 () Int 0)
  (define-fun C5_VM4 () Int 0)
  (define-fun C1_VM4 () Int 0)
  (define-fun C3_VM2 () Int 0)
  (define-fun VM3Type () Int 26)
)

; =========================================
; Z3 Statistics (-st equivalent)
; =========================================

conflicts: 2231
decisions: 7256
propagations: 780935
binary propagations: 690327
restarts: 10
final checks: 65
added eqs: 11572
mk clause: 2832
mk clause binary: 5197
del clause: 2152
minimized lits: 44992
num checks: 51
mk bool var: 1758
arith-lower: 359073
arith-upper: 225340
arith-conflicts: 749
arith-bound-propagations-lp: 109472
arith-make-feasible: 10379
arith-max-columns: 111
arith-max-rows: 57
arith-offset-eqs: 2906
arith-fixed-eqs: 11249
solve-eqs-steps: 16
solve-eqs-elim-vars: 2
num allocs: 7253425
rlimit count: 2686538
max memory: 20.29
memory: 20.29
time: 0.426

; End of SMT2LIB result file
