; =========================================
; Z3 Solver Result
; =========================================

; STATUS: SAT

(set-logic QF_LIA)

(model
  (define-fun ProcProv13 () Int 2)
  (define-fun C1_VM12 () Int 0)
  (define-fun C1_VM8 () Int 0)
  (define-fun VM3Type () Int 37)
  (define-fun C1_VM7 () Int 0)
  (define-fun StorageProv3 () Int 2000)
  (define-fun C2_VM6 () Int 0)
  (define-fun C5_VM12 () Int 1)
  (define-fun StorageProv11 () Int 2000)
  (define-fun C4_VM6 () Int 0)
  (define-fun C5_VM2 () Int 0)
  (define-fun StorageProv5 () Int 2000)
  (define-fun C4_VM2 () Int 0)
  (define-fun C4_VM11 () Int 0)
  (define-fun MemProv4 () Int 3750)
  (define-fun C5_VM5 () Int 1)
  (define-fun C1_VM4 () Int 1)
  (define-fun C2_VM2 () Int 0)
  (define-fun C5_VM8 () Int 0)
  (define-fun PriceProv4 () Int 128)
  (define-fun VM4Type () Int 37)
  (define-fun PriceProv5 () Int 252)
  (define-fun C2_VM12 () Int 0)
  (define-fun C3_VM8 () Int 0)
  (define-fun VM9Type () Int 37)
  (define-fun VM13Type () Int 37)
  (define-fun PriceProv2 () Int 128)
  (define-fun StorageProv10 () Int 2000)
  (define-fun PriceProv10 () Int 128)
  (define-fun PriceProv12 () Int 252)
  (define-fun C5_VM11 () Int 0)
  (define-fun StorageProv4 () Int 2000)
  (define-fun C3_VM11 () Int 0)
  (define-fun PriceProv7 () Int 128)
  (define-fun ProcProv4 () Int 2)
  (define-fun C4_VM12 () Int 0)
  (define-fun C1_VM1 () Int 1)
  (define-fun VM6Type () Int 26)
  (define-fun C3_VM7 () Int 0)
  (define-fun StorageProv12 () Int 2000)
  (define-fun PriceProv8 () Int 128)
  (define-fun StorageProv2 () Int 2000)
  (define-fun C1_VM9 () Int 0)
  (define-fun C3_VM5 () Int 0)
  (define-fun C1_VM3 () Int 1)
  (define-fun C4_VM4 () Int 0)
  (define-fun C2_VM5 () Int 0)
  (define-fun C3_VM2 () Int 0)
  (define-fun C4_VM3 () Int 0)
  (define-fun C2_VM10 () Int 0)
  (define-fun C5_VM3 () Int 0)
  (define-fun C3_VM10 () Int 0)
  (define-fun StorageProv8 () Int 2000)
  (define-fun VM11Type () Int 37)
  (define-fun VM12Type () Int 27)
  (define-fun StorageProv1 () Int 2000)
  (define-fun C4_VM13 () Int 0)
  (define-fun PriceProv11 () Int 128)
  (define-fun C1_VM10 () Int 1)
  (define-fun C4_VM9 () Int 0)
  (define-fun C4_VM7 () Int 0)
  (define-fun PriceProv9 () Int 128)
  (define-fun C2_VM3 () Int 0)
  (define-fun ProcProv3 () Int 2)
  (define-fun C2_VM8 () Int 1)
  (define-fun PriceProv1 () Int 128)
  (define-fun C3_VM4 () Int 0)
  (define-fun C5_VM1 () Int 0)
  (define-fun ProcProv8 () Int 2)
  (define-fun StorageProv9 () Int 2000)
  (define-fun C4_VM1 () Int 0)
  (define-fun C1_VM5 () Int 0)
  (define-fun C2_VM11 () Int 1)
  (define-fun VM2Type () Int 37)
  (define-fun MemProv12 () Int 7500)
  (define-fun C3_VM13 () Int 0)
  (define-fun C1_VM13 () Int 1)
  (define-fun C4_VM8 () Int 0)
  (define-fun ProcProv1 () Int 2)
  (define-fun StorageProv13 () Int 2000)
  (define-fun MemProv3 () Int 3750)
  (define-fun C2_VM13 () Int 0)
  (define-fun VM1Type () Int 37)
  (define-fun VM10Type () Int 37)
  (define-fun MemProv8 () Int 3750)
  (define-fun MemProv6 () Int 7500)
  (define-fun StorageProv6 () Int 2000)
  (define-fun C2_VM9 () Int 1)
  (define-fun C5_VM7 () Int 0)
  (define-fun MemProv2 () Int 3750)
  (define-fun C1_VM6 () Int 0)
  (define-fun C3_VM6 () Int 1)
  (define-fun MemProv5 () Int 7500)
  (define-fun ProcProv11 () Int 2)
  (define-fun C3_VM1 () Int 0)
  (define-fun C3_VM12 () Int 0)
  (define-fun PriceProv3 () Int 128)
  (define-fun C5_VM6 () Int 0)
  (define-fun VM8Type () Int 37)
  (define-fun MemProv10 () Int 3750)
  (define-fun MemProv7 () Int 3750)
  (define-fun C1_VM2 () Int 1)
  (define-fun ProcProv7 () Int 2)
  (define-fun C3_VM9 () Int 0)
  (define-fun C5_VM13 () Int 0)
  (define-fun ProcProv9 () Int 2)
  (define-fun C2_VM1 () Int 0)
  (define-fun C5_VM9 () Int 0)
  (define-fun C5_VM4 () Int 0)
  (define-fun ProcProv10 () Int 2)
  (define-fun C2_VM4 () Int 0)
  (define-fun C4_VM5 () Int 0)
  (define-fun ProcProv2 () Int 2)
  (define-fun C4_VM10 () Int 0)
  (define-fun PriceProv13 () Int 128)
  (define-fun MemProv13 () Int 3750)
  (define-fun C2_VM7 () Int 1)
  (define-fun ProcProv6 () Int 4)
  (define-fun ProcProv12 () Int 4)
  (define-fun ProcProv5 () Int 4)
  (define-fun MemProv1 () Int 3750)
  (define-fun StorageProv7 () Int 2000)
  (define-fun MemProv9 () Int 3750)
  (define-fun MemProv11 () Int 3750)
  (define-fun C3_VM3 () Int 0)
  (define-fun VM5Type () Int 26)
  (define-fun C5_VM10 () Int 0)
  (define-fun C1_VM11 () Int 0)
  (define-fun PriceProv6 () Int 252)
  (define-fun VM7Type () Int 37)
)

; Optimized objective values
(define-fun objective1 () Int 2036)

; =========================================
; Z3 Statistics (-st equivalent)
; =========================================

conflicts: 23292494
decisions: 28138730
propagations: 3972090124
binary propagations: 1846529058
restarts: 6704
final checks: 257
added eqs: 969853441
mk clause: 25254878
mk clause binary: 9529
del clause: 25250677
minimized lits: 579967292
num checks: 196
mk bool var: 47724
pb resolves: 503242
pb conflicts: 2453887
pb propagations: 59340207
pb predicates: 995
arith eq adapter: 22122
arith-lower: 2027148972
arith-upper: 946650531
arith-conflicts: 3420828
arith-bound-propagations-lp: 2114534491
arith-diseq: 1385101614
arith-make-feasible: 64367218
arith-max-columns: 232
arith-max-rows: 41
arith-fixed-eqs: 13622726
max memory: 54.21
memory: 53.79
num allocs: 8880161042311.0
rlimit count: 26768513179.0
time: 15649.222

; End of SMT2LIB result file
