; =========================================
; Z3 Solver Result
; =========================================

; STATUS: SAT

(set-logic QF_LIA)

(model
  (define-fun MemProv2 () Int 3750)
  (define-fun C3_VM9 () Int 0)
  (define-fun ProcProv10 () Int 2)
  (define-fun C4_VM12 () Int 0)
  (define-fun C1_VM8 () Int 1)
  (define-fun C3_VM3 () Int 0)
  (define-fun C2_VM1 () Int 0)
  (define-fun StorageProv12 () Int 2000)
  (define-fun C1_VM3 () Int 1)
  (define-fun C3_VM8 () Int 0)
  (define-fun C5_VM12 () Int 0)
  (define-fun VM1Type () Int 15)
  (define-fun VM10Type () Int 17)
  (define-fun C5_VM13 () Int 0)
  (define-fun C4_VM4 () Int 0)
  (define-fun C2_VM7 () Int 0)
  (define-fun C5_VM2 () Int 0)
  (define-fun StorageProv11 () Int 2000)
  (define-fun C4_VM1 () Int 0)
  (define-fun MemProv12 () Int 3750)
  (define-fun ProcProv2 () Int 2)
  (define-fun VM2Type () Int 17)
  (define-fun PriceProv11 () Int 128)
  (define-fun C3_VM10 () Int 0)
  (define-fun C1_VM12 () Int 0)
  (define-fun C2_VM2 () Int 1)
  (define-fun StorageProv6 () Int 1000)
  (define-fun C4_VM11 () Int 0)
  (define-fun PriceProv13 () Int 128)
  (define-fun MemProv8 () Int 3750)
  (define-fun MemProv10 () Int 3750)
  (define-fun C2_VM4 () Int 0)
  (define-fun MemProv5 () Int 30500)
  (define-fun C3_VM2 () Int 0)
  (define-fun ProcProv5 () Int 4)
  (define-fun VM11Type () Int 17)
  (define-fun PriceProv9 () Int 128)
  (define-fun StorageProv5 () Int 1000)
  (define-fun C3_VM13 () Int 0)
  (define-fun C2_VM9 () Int 1)
  (define-fun VM8Type () Int 17)
  (define-fun ProcProv7 () Int 2)
  (define-fun C1_VM13 () Int 1)
  (define-fun ProcProv8 () Int 2)
  (define-fun ProcProv3 () Int 2)
  (define-fun StorageProv7 () Int 2000)
  (define-fun C5_VM5 () Int 1)
  (define-fun StorageProv3 () Int 2000)
  (define-fun C3_VM5 () Int 0)
  (define-fun PriceProv7 () Int 128)
  (define-fun VM13Type () Int 17)
  (define-fun C5_VM8 () Int 0)
  (define-fun StorageProv1 () Int 1000)
  (define-fun StorageProv10 () Int 2000)
  (define-fun MemProv13 () Int 3750)
  (define-fun PriceProv12 () Int 128)
  (define-fun MemProv11 () Int 3750)
  (define-fun StorageProv9 () Int 2000)
  (define-fun C5_VM4 () Int 0)
  (define-fun C1_VM9 () Int 0)
  (define-fun C1_VM2 () Int 0)
  (define-fun MemProv4 () Int 3750)
  (define-fun C2_VM3 () Int 0)
  (define-fun C3_VM7 () Int 0)
  (define-fun C2_VM5 () Int 0)
  (define-fun VM9Type () Int 17)
  (define-fun C4_VM3 () Int 0)
  (define-fun C4_VM10 () Int 0)
  (define-fun PriceProv6 () Int 379)
  (define-fun C3_VM11 () Int 0)
  (define-fun StorageProv8 () Int 2000)
  (define-fun ProcProv9 () Int 2)
  (define-fun PriceProv1 () Int 379)
  (define-fun C1_VM7 () Int 1)
  (define-fun ProcProv11 () Int 2)
  (define-fun C5_VM3 () Int 0)
  (define-fun C5_VM9 () Int 0)
  (define-fun C1_VM11 () Int 1)
  (define-fun ProcProv13 () Int 2)
  (define-fun ProcProv1 () Int 4)
  (define-fun C4_VM8 () Int 0)
  (define-fun C3_VM4 () Int 0)
  (define-fun C4_VM13 () Int 0)
  (define-fun MemProv9 () Int 3750)
  (define-fun VM5Type () Int 15)
  (define-fun C4_VM9 () Int 0)
  (define-fun C4_VM6 () Int 0)
  (define-fun VM7Type () Int 17)
  (define-fun C2_VM10 () Int 1)
  (define-fun PriceProv4 () Int 128)
  (define-fun C1_VM4 () Int 1)
  (define-fun C5_VM10 () Int 0)
  (define-fun VM6Type () Int 15)
  (define-fun C1_VM1 () Int 0)
  (define-fun MemProv3 () Int 3750)
  (define-fun C1_VM5 () Int 0)
  (define-fun C2_VM6 () Int 0)
  (define-fun VM4Type () Int 17)
  (define-fun VM12Type () Int 17)
  (define-fun C2_VM11 () Int 0)
  (define-fun MemProv1 () Int 30500)
  (define-fun StorageProv2 () Int 2000)
  (define-fun StorageProv13 () Int 2000)
  (define-fun C2_VM13 () Int 0)
  (define-fun C1_VM10 () Int 0)
  (define-fun StorageProv4 () Int 2000)
  (define-fun VM3Type () Int 17)
  (define-fun MemProv6 () Int 30500)
  (define-fun C2_VM8 () Int 0)
  (define-fun PriceProv10 () Int 128)
  (define-fun ProcProv12 () Int 2)
  (define-fun PriceProv2 () Int 128)
  (define-fun C4_VM2 () Int 0)
  (define-fun PriceProv5 () Int 379)
  (define-fun C1_VM6 () Int 0)
  (define-fun C3_VM6 () Int 0)
  (define-fun MemProv7 () Int 3750)
  (define-fun ProcProv6 () Int 4)
  (define-fun C2_VM12 () Int 1)
  (define-fun C3_VM1 () Int 1)
  (define-fun C4_VM7 () Int 0)
  (define-fun C5_VM1 () Int 0)
  (define-fun C3_VM12 () Int 0)
  (define-fun C5_VM7 () Int 0)
  (define-fun ProcProv4 () Int 2)
  (define-fun PriceProv8 () Int 128)
  (define-fun C4_VM5 () Int 0)
  (define-fun C5_VM6 () Int 1)
  (define-fun C5_VM11 () Int 0)
  (define-fun PriceProv3 () Int 128)
)

; Optimized objective values
(define-fun objective1 () Int 2417)

; =========================================
; Z3 Statistics (-st equivalent)
; =========================================

conflicts: 14300681
decisions: 17313715
propagations: 1231068012
binary propagations: 3020229026
restarts: 7451
final checks: 337
added eqs: 558498789
mk clause: 15809350
mk clause binary: 6373
del clause: 15807162
minimized lits: 224163114
num checks: 257
mk bool var: 45694
pb resolves: 389551
pb conflicts: 1889385
pb propagations: 30167388
pb predicates: 475
arith eq adapter: 21796
arith-lower: 1123109008
arith-upper: 489532902
arith-conflicts: 1978169
arith-bound-propagations-lp: 537097663
arith-diseq: 724813216
arith-make-feasible: 39950608
arith-max-columns: 210
arith-max-rows: 41
arith-fixed-eqs: 9805975
max memory: 41.92
memory: 41.83
num allocs: 331493634433.0
rlimit count: 12492091136.0
time: 1714.923

; End of SMT2LIB result file
