; =========================================
; Z3 Solver Result
; =========================================

; STATUS: SAT

(set-logic QF_LIA)

(model
  (define-fun C3_VM12 () Int 0)
  (define-fun C2_VM2 () Int 1)
  (define-fun C5_VM6 () Int 1)
  (define-fun C2_VM1 () Int 0)
  (define-fun C5_VM9 () Int 0)
  (define-fun VM7Type () Int 37)
  (define-fun PriceProv6 () Int 252)
  (define-fun C1_VM10 () Int 0)
  (define-fun StorageProv11 () Int 2000)
  (define-fun MemProv12 () Int 3750)
  (define-fun C3_VM10 () Int 0)
  (define-fun C1_VM2 () Int 0)
  (define-fun C4_VM3 () Int 0)
  (define-fun C3_VM4 () Int 1)
  (define-fun C4_VM4 () Int 0)
  (define-fun VM11Type () Int 37)
  (define-fun VM10Type () Int 37)
  (define-fun C5_VM2 () Int 0)
  (define-fun PriceProv11 () Int 128)
  (define-fun StorageProv3 () Int 2000)
  (define-fun PriceProv9 () Int 128)
  (define-fun StorageProv4 () Int 2000)
  (define-fun C4_VM5 () Int 0)
  (define-fun C3_VM6 () Int 0)
  (define-fun C2_VM4 () Int 0)
  (define-fun ProcProv8 () Int 2)
  (define-fun C1_VM1 () Int 0)
  (define-fun StorageProv10 () Int 2000)
  (define-fun PriceProv5 () Int 128)
  (define-fun C1_VM11 () Int 1)
  (define-fun C4_VM8 () Int 0)
  (define-fun C5_VM8 () Int 0)
  (define-fun VM8Type () Int 37)
  (define-fun C3_VM11 () Int 0)
  (define-fun PriceProv8 () Int 128)
  (define-fun C4_VM9 () Int 0)
  (define-fun PriceProv12 () Int 128)
  (define-fun C2_VM6 () Int 0)
  (define-fun C4_VM12 () Int 0)
  (define-fun VM4Type () Int 27)
  (define-fun C5_VM7 () Int 0)
  (define-fun C5_VM11 () Int 0)
  (define-fun VM12Type () Int 37)
  (define-fun C1_VM9 () Int 1)
  (define-fun MemProv4 () Int 7500)
  (define-fun StorageProv8 () Int 2000)
  (define-fun C4_VM6 () Int 0)
  (define-fun C2_VM7 () Int 1)
  (define-fun C5_VM10 () Int 0)
  (define-fun C1_VM7 () Int 0)
  (define-fun C2_VM10 () Int 1)
  (define-fun C4_VM7 () Int 0)
  (define-fun VM5Type () Int 37)
  (define-fun ProcProv1 () Int 4)
  (define-fun MemProv11 () Int 3750)
  (define-fun C1_VM5 () Int 1)
  (define-fun C2_VM9 () Int 0)
  (define-fun C5_VM1 () Int 1)
  (define-fun PriceProv4 () Int 252)
  (define-fun StorageProv2 () Int 2000)
  (define-fun C3_VM3 () Int 0)
  (define-fun MemProv9 () Int 3750)
  (define-fun C3_VM2 () Int 0)
  (define-fun VM3Type () Int 37)
  (define-fun MemProv7 () Int 3750)
  (define-fun C3_VM5 () Int 0)
  (define-fun C3_VM8 () Int 0)
  (define-fun PriceProv2 () Int 128)
  (define-fun StorageProv12 () Int 2000)
  (define-fun StorageProv5 () Int 2000)
  (define-fun MemProv6 () Int 7500)
  (define-fun C1_VM12 () Int 1)
  (define-fun PriceProv7 () Int 128)
  (define-fun C3_VM9 () Int 0)
  (define-fun C2_VM3 () Int 1)
  (define-fun VM1Type () Int 27)
  (define-fun C5_VM3 () Int 0)
  (define-fun VM9Type () Int 37)
  (define-fun C5_VM12 () Int 0)
  (define-fun PriceProv3 () Int 128)
  (define-fun PriceProv1 () Int 252)
  (define-fun C1_VM6 () Int 0)
  (define-fun PriceProv10 () Int 128)
  (define-fun ProcProv5 () Int 2)
  (define-fun MemProv8 () Int 3750)
  (define-fun C3_VM7 () Int 0)
  (define-fun VM6Type () Int 26)
  (define-fun StorageProv6 () Int 2000)
  (define-fun ProcProv9 () Int 2)
  (define-fun StorageProv1 () Int 2000)
  (define-fun C2_VM5 () Int 0)
  (define-fun ProcProv3 () Int 2)
  (define-fun StorageProv7 () Int 2000)
  (define-fun VM2Type () Int 37)
  (define-fun MemProv2 () Int 3750)
  (define-fun MemProv5 () Int 3750)
  (define-fun ProcProv12 () Int 2)
  (define-fun ProcProv4 () Int 4)
  (define-fun ProcProv11 () Int 2)
  (define-fun C5_VM5 () Int 0)
  (define-fun C2_VM11 () Int 0)
  (define-fun MemProv1 () Int 7500)
  (define-fun MemProv10 () Int 3750)
  (define-fun C4_VM11 () Int 0)
  (define-fun MemProv3 () Int 3750)
  (define-fun C1_VM8 () Int 1)
  (define-fun C4_VM1 () Int 0)
  (define-fun ProcProv7 () Int 2)
  (define-fun C3_VM1 () Int 0)
  (define-fun ProcProv10 () Int 2)
  (define-fun ProcProv2 () Int 2)
  (define-fun ProcProv6 () Int 4)
  (define-fun C1_VM3 () Int 0)
  (define-fun C4_VM2 () Int 0)
  (define-fun C4_VM10 () Int 0)
  (define-fun C5_VM4 () Int 0)
  (define-fun C2_VM12 () Int 0)
  (define-fun C1_VM4 () Int 0)
  (define-fun C2_VM8 () Int 0)
  (define-fun StorageProv9 () Int 2000)
)

; =========================================
; Z3 Statistics (-st equivalent)
; =========================================

conflicts: 5992077
decisions: 6845258
propagations: 2100299051
binary propagations: 1547901291
restarts: 86
final checks: 121
added eqs: 40932081
mk clause: 5993104
mk clause binary: 12508
del clause: 5991476
minimized lits: 125517741
num checks: 94
mk bool var: 4203
arith-lower: 703630646
arith-upper: 618199390
arith-conflicts: 1281807
arith-bound-propagations-lp: 381847173
arith-make-feasible: 15042687
arith-max-columns: 267
arith-max-rows: 143
arith-offset-eqs: 10442656
arith-fixed-eqs: 57237525
max memory: 44.41
memory: 44.32
num allocs: 1708336070747.0
rlimit count: 5984120245.0
time: 2157.891

; End of SMT2LIB result file