; =========================================
; Z3 Solver Result
; =========================================

; STATUS: SAT

(set-logic QF_LIA)

(model
  (define-fun MemProv12 () Int 6750)
  (define-fun C1_VM8 () Int 0)
  (define-fun C4_VM4 () Int 0)
  (define-fun C4_VM12 () Int 0)
  (define-fun ProcProv11 () Int 900)
  (define-fun C5_VM1 () Int 0)
  (define-fun C1_VM4 () Int 0)
  (define-fun VM12Type () Int 10)
  (define-fun PriceProv9 () Int 240)
  (define-fun C5_VM9 () Int 0)
  (define-fun C3_VM3 () Int 0)
  (define-fun MemProv5 () Int 1350)
  (define-fun C3_VM10 () Int 0)
  (define-fun StorageProv11 () Int 42000)
  (define-fun C1_VM12 () Int 1)
  (define-fun C5_VM3 () Int 0)
  (define-fun C3_VM9 () Int 1)
  (define-fun StorageProv1 () Int 50999)
  (define-fun C3_VM1 () Int 0)
  (define-fun PriceProv11 () Int 120)
  (define-fun C3_VM5 () Int 0)
  (define-fun C5_VM11 () Int 0)
  (define-fun StorageProv10 () Int 285001)
  (define-fun VM7Type () Int 10)
  (define-fun MemProv11 () Int 1350)
  (define-fun C3_VM4 () Int 0)
  (define-fun PriceProv8 () Int 0)
  (define-fun ProcProv8 () Int 899)
  (define-fun ProcProv1 () Int 1801)
  (define-fun MemProv2 () Int 1350)
  (define-fun StorageProv9 () Int 69000)
  (define-fun C1_VM10 () Int 0)
  (define-fun C1_VM9 () Int 0)
  (define-fun PriceProv10 () Int 0)
  (define-fun C2_VM9 () Int 0)
  (define-fun StorageProv5 () Int 42000)
  (define-fun StorageProv8 () Int 140999)
  (define-fun C3_VM7 () Int 0)
  (define-fun C2_VM2 () Int 1)
  (define-fun C2_VM6 () Int 1)
  (define-fun VM6Type () Int 1)
  (define-fun PriceProv7 () Int 480)
  (define-fun C3_VM11 () Int 0)
  (define-fun C3_VM8 () Int 0)
  (define-fun PriceProv2 () Int 120)
  (define-fun C4_VM8 () Int 0)
  (define-fun C4_VM6 () Int 0)
  (define-fun C5_VM8 () Int 0)
  (define-fun C2_VM1 () Int 0)
  (define-fun C1_VM1 () Int 0)
  (define-fun ProcProv3 () Int 7201)
  (define-fun C5_VM12 () Int 1)
  (define-fun PriceProv6 () Int 120)
  (define-fun VM2Type () Int 1)
  (define-fun C4_VM9 () Int 0)
  (define-fun C2_VM12 () Int 0)
  (define-fun MemProv6 () Int 1350)
  (define-fun MemProv4 () Int 13951)
  (define-fun C3_VM6 () Int 0)
  (define-fun VM5Type () Int 1)
  (define-fun C1_VM6 () Int 0)
  (define-fun C4_VM5 () Int 0)
  (define-fun C3_VM2 () Int 0)
  (define-fun PriceProv3 () Int 0)
  (define-fun C2_VM8 () Int 0)
  (define-fun C4_VM1 () Int 0)
  (define-fun ProcProv5 () Int 900)
  (define-fun ProcProv7 () Int 3600)
  (define-fun C4_VM3 () Int 0)
  (define-fun C1_VM2 () Int 1)
  (define-fun PriceProv12 () Int 480)
  (define-fun ProcProv9 () Int 1800)
  (define-fun PriceProv5 () Int 120)
  (define-fun MemProv7 () Int 6750)
  (define-fun ProcProv4 () Int 1799)
  (define-fun C5_VM7 () Int 1)
  (define-fun C4_VM7 () Int 0)
  (define-fun VM8Type () Int 0)
  (define-fun C2_VM5 () Int 1)
  (define-fun ProcProv12 () Int 3600)
  (define-fun C2_VM4 () Int 0)
  (define-fun C2_VM3 () Int 0)
  (define-fun StorageProv12 () Int 141000)
  (define-fun MemProv1 () Int 13949)
  (define-fun MemProv10 () Int 3151)
  (define-fun StorageProv6 () Int 42000)
  (define-fun MemProv8 () Int 13949)
  (define-fun ProcProv10 () Int 901)
  (define-fun ProcProv6 () Int 900)
  (define-fun StorageProv7 () Int 141000)
  (define-fun C1_VM7 () Int 1)
  (define-fun VM11Type () Int 1)
  (define-fun C1_VM3 () Int 0)
  (define-fun VM9Type () Int 7)
  (define-fun VM10Type () Int 0)
  (define-fun C1_VM11 () Int 1)
  (define-fun VM4Type () Int 0)
  (define-fun C4_VM2 () Int 0)
  (define-fun C4_VM11 () Int 0)
  (define-fun MemProv3 () Int 3151)
  (define-fun VM1Type () Int 0)
  (define-fun C1_VM5 () Int 1)
  (define-fun PriceProv1 () Int 0)
  (define-fun C2_VM10 () Int 0)
  (define-fun C5_VM4 () Int 0)
  (define-fun StorageProv2 () Int 42000)
  (define-fun C4_VM10 () Int 0)
  (define-fun C2_VM7 () Int 0)
  (define-fun MemProv9 () Int 3150)
  (define-fun PriceProv4 () Int 0)
  (define-fun VM3Type () Int 0)
  (define-fun C5_VM10 () Int 0)
  (define-fun C2_VM11 () Int 1)
  (define-fun C3_VM12 () Int 0)
  (define-fun C5_VM6 () Int 0)
  (define-fun StorageProv3 () Int 141001)
  (define-fun C5_VM2 () Int 0)
  (define-fun StorageProv4 () Int 41999)
  (define-fun ProcProv2 () Int 900)
  (define-fun C5_VM5 () Int 0)
)

; Optimized objective values
(define-fun objective1 () Int 1680)

; =========================================
; Z3 Statistics (-st equivalent)
; =========================================

conflicts: 1245029
decisions: 1627657
propagations: 453364977
binary propagations: 237068663
restarts: 1988
final checks: 57
added eqs: 52812914
mk clause: 1416394
mk clause binary: 5796
del clause: 1413463
minimized lits: 15365171
num checks: 45
mk bool var: 25875
pb resolves: 85584
pb conflicts: 249686
pb propagations: 2775525
pb predicates: 607
arith eq adapter: 11954
arith-lower: 69328674
arith-upper: 24489450
arith-conflicts: 173577
arith-bound-propagations-lp: 59997335
arith-diseq: 40814058
arith-make-feasible: 3543492
arith-max-columns: 193
arith-max-rows: 38
arith-fixed-eqs: 4547
rlimit count: 990811457
max memory: 34.42
memory: 34.33
num allocs: 9204777986.0
time: 119.363

; End of SMT2LIB result file
