; =========================================
; Z3 Solver Result
; =========================================

; STATUS: SAT

(set-logic QF_LIA)

(model
  (define-fun C3_VM12 () Int 0)
  (define-fun C2_VM2 () Int 1)
  (define-fun C5_VM6 () Int 0)
  (define-fun C2_VM1 () Int 1)
  (define-fun C5_VM9 () Int 1)
  (define-fun VM7Type () Int 0)
  (define-fun PriceProv6 () Int 120)
  (define-fun C1_VM10 () Int 1)
  (define-fun StorageProv11 () Int 69000)
  (define-fun MemProv12 () Int 3149)
  (define-fun C3_VM10 () Int 0)
  (define-fun C1_VM2 () Int 1)
  (define-fun C4_VM3 () Int 0)
  (define-fun C3_VM4 () Int 0)
  (define-fun C4_VM4 () Int 0)
  (define-fun VM11Type () Int 7)
  (define-fun VM10Type () Int 1)
  (define-fun C5_VM2 () Int 0)
  (define-fun PriceProv11 () Int 240)
  (define-fun StorageProv3 () Int 141001)
  (define-fun PriceProv9 () Int 480)
  (define-fun StorageProv4 () Int 141000)
  (define-fun C4_VM5 () Int 0)
  (define-fun C3_VM6 () Int 0)
  (define-fun C2_VM4 () Int 0)
  (define-fun ProcProv8 () Int 2)
  (define-fun C1_VM1 () Int 1)
  (define-fun StorageProv10 () Int 42000)
  (define-fun PriceProv5 () Int 0)
  (define-fun C1_VM11 () Int 0)
  (define-fun C4_VM8 () Int 0)
  (define-fun C5_VM8 () Int 0)
  (define-fun VM8Type () Int 0)
  (define-fun C3_VM11 () Int 1)
  (define-fun PriceProv8 () Int 0)
  (define-fun C4_VM9 () Int 0)
  (define-fun PriceProv12 () Int 0)
  (define-fun C2_VM6 () Int 1)
  (define-fun C4_VM12 () Int 0)
  (define-fun VM4Type () Int 10)
  (define-fun C5_VM7 () Int 0)
  (define-fun C5_VM11 () Int 0)
  (define-fun VM12Type () Int 0)
  (define-fun C1_VM9 () Int 1)
  (define-fun MemProv4 () Int 6750)
  (define-fun StorageProv8 () Int 267001)
  (define-fun C4_VM6 () Int 0)
  (define-fun C2_VM7 () Int 0)
  (define-fun C5_VM10 () Int 0)
  (define-fun C1_VM7 () Int 0)
  (define-fun C2_VM10 () Int 1)
  (define-fun C4_VM7 () Int 0)
  (define-fun VM5Type () Int 0)
  (define-fun ProcProv1 () Int 900)
  (define-fun MemProv11 () Int 3150)
  (define-fun C1_VM5 () Int 0)
  (define-fun C2_VM9 () Int 0)
  (define-fun C5_VM1 () Int 0)
  (define-fun PriceProv4 () Int 480)
  (define-fun StorageProv2 () Int 42000)
  (define-fun C3_VM3 () Int 0)
  (define-fun MemProv9 () Int 6750)
  (define-fun C3_VM2 () Int 0)
  (define-fun VM3Type () Int 0)
  (define-fun MemProv7 () Int 28351)
  (define-fun C3_VM5 () Int 0)
  (define-fun C3_VM8 () Int 0)
  (define-fun PriceProv2 () Int 120)
  (define-fun StorageProv12 () Int 19501)
  (define-fun StorageProv5 () Int 132001)
  (define-fun MemProv6 () Int 1350)
  (define-fun C1_VM12 () Int 0)
  (define-fun PriceProv7 () Int 0)
  (define-fun C3_VM9 () Int 0)
  (define-fun C2_VM3 () Int 0)
  (define-fun VM1Type () Int 1)
  (define-fun C5_VM3 () Int 0)
  (define-fun VM9Type () Int 10)
  (define-fun C5_VM12 () Int 0)
  (define-fun PriceProv3 () Int 0)
  (define-fun PriceProv1 () Int 120)
  (define-fun C1_VM6 () Int 1)
  (define-fun PriceProv10 () Int 120)
  (define-fun ProcProv5 () Int 2)
  (define-fun MemProv8 () Int 3750)
  (define-fun C3_VM7 () Int 0)
  (define-fun VM6Type () Int 1)
  (define-fun StorageProv6 () Int 42000)
  (define-fun ProcProv9 () Int 3600)
  (define-fun StorageProv1 () Int 42000)
  (define-fun C2_VM5 () Int 0)
  (define-fun ProcProv3 () Int 7201)
  (define-fun StorageProv7 () Int 19501)
  (define-fun VM2Type () Int 1)
  (define-fun MemProv2 () Int 1350)
  (define-fun MemProv5 () Int 3750)
  (define-fun ProcProv12 () Int 0)
  (define-fun ProcProv4 () Int 3600)
  (define-fun ProcProv11 () Int 1800)
  (define-fun C5_VM5 () Int 0)
  (define-fun C2_VM11 () Int 0)
  (define-fun MemProv1 () Int 1350)
  (define-fun MemProv10 () Int 1350)
  (define-fun C4_VM11 () Int 0)
  (define-fun MemProv3 () Int 28351)
  (define-fun C1_VM8 () Int 0)
  (define-fun C4_VM1 () Int 0)
  (define-fun ProcProv7 () Int 3601)
  (define-fun C3_VM1 () Int 0)
  (define-fun ProcProv10 () Int 900)
  (define-fun ProcProv2 () Int 900)
  (define-fun ProcProv6 () Int 900)
  (define-fun C1_VM3 () Int 0)
  (define-fun C4_VM2 () Int 0)
  (define-fun C4_VM10 () Int 0)
  (define-fun C5_VM4 () Int 1)
  (define-fun C2_VM12 () Int 0)
  (define-fun C1_VM4 () Int 0)
  (define-fun C2_VM8 () Int 0)
  (define-fun StorageProv9 () Int 141000)
)

; Optimized objective values
(define-fun objective1 () Int 1680)

; =========================================
; Z3 Statistics (-st equivalent)
; =========================================

conflicts: 291802
decisions: 382284
propagations: 69563287
binary propagations: 52685363
restarts: 65
final checks: 181
added eqs: 2173219
mk clause: 292709
mk clause binary: 7903
del clause: 291689
minimized lits: 5350830
num checks: 140
mk bool var: 2922
arith-lower: 30812965
arith-upper: 11967104
arith-conflicts: 82216
arith-bound-propagations-lp: 16965241
arith-make-feasible: 861126
arith-max-columns: 267
arith-max-rows: 143
arith-offset-eqs: 1044625
arith-fixed-eqs: 2727225
rlimit count: 224582157
max memory: 28.36
memory: 28.27
num allocs: 12510079688.0
time: 81.852

; End of SMT2LIB result file
