; =========================================
; Z3 Solver Result
; =========================================

; STATUS: SAT

(set-logic QF_LIA)

(model
  (define-fun C2_VM2 () Int 0)
  (define-fun C5_VM6 () Int 0)
  (define-fun C2_VM1 () Int 1)
  (define-fun C3_VM5 () Int 0)
  (define-fun C3_VM8 () Int 0)
  (define-fun VM7Type () Int 341)
  (define-fun PriceProv2 () Int 116)
  (define-fun PriceProv6 () Int 116)
  (define-fun StorageProv5 () Int 2000)
  (define-fun C1_VM2 () Int 1)
  (define-fun C4_VM3 () Int 0)
  (define-fun MemProv6 () Int 3750)
  (define-fun C3_VM4 () Int 0)
  (define-fun C4_VM4 () Int 0)
  (define-fun PriceProv7 () Int 210)
  (define-fun C2_VM3 () Int 0)
  (define-fun StorageProv3 () Int 2000)
  (define-fun C5_VM2 () Int 0)
  (define-fun StorageProv4 () Int 2000)
  (define-fun VM1Type () Int 433)
  (define-fun C5_VM3 () Int 0)
  (define-fun PriceProv3 () Int 116)
  (define-fun C4_VM5 () Int 0)
  (define-fun C1_VM6 () Int 0)
  (define-fun C3_VM6 () Int 0)
  (define-fun PriceProv1 () Int 116)
  (define-fun ProcProv5 () Int 4)
  (define-fun C2_VM4 () Int 0)
  (define-fun C3_VM7 () Int 1)
  (define-fun C1_VM1 () Int 0)
  (define-fun VM6Type () Int 433)
  (define-fun StorageProv6 () Int 2000)
  (define-fun PriceProv5 () Int 210)
  (define-fun StorageProv1 () Int 2000)
  (define-fun ProcProv8 () Int 2)
  (define-fun C4_VM8 () Int 0)
  (define-fun C2_VM5 () Int 0)
  (define-fun C5_VM8 () Int 0)
  (define-fun VM8Type () Int 433)
  (define-fun PriceProv8 () Int 116)
  (define-fun ProcProv3 () Int 2)
  (define-fun StorageProv7 () Int 2000)
  (define-fun MemProv8 () Int 3750)
  (define-fun VM2Type () Int 433)
  (define-fun C2_VM6 () Int 1)
  (define-fun MemProv2 () Int 3750)
  (define-fun MemProv5 () Int 7500)
  (define-fun VM4Type () Int 341)
  (define-fun ProcProv4 () Int 4)
  (define-fun C5_VM5 () Int 1)
  (define-fun C5_VM7 () Int 0)
  (define-fun MemProv1 () Int 3750)
  (define-fun MemProv4 () Int 7500)
  (define-fun StorageProv8 () Int 2000)
  (define-fun C4_VM6 () Int 0)
  (define-fun MemProv3 () Int 3750)
  (define-fun C2_VM7 () Int 0)
  (define-fun C1_VM8 () Int 1)
  (define-fun C1_VM7 () Int 0)
  (define-fun C4_VM1 () Int 0)
  (define-fun ProcProv7 () Int 4)
  (define-fun C4_VM7 () Int 0)
  (define-fun C3_VM1 () Int 0)
  (define-fun VM5Type () Int 341)
  (define-fun ProcProv1 () Int 2)
  (define-fun C1_VM5 () Int 0)
  (define-fun ProcProv2 () Int 2)
  (define-fun ProcProv6 () Int 2)
  (define-fun C1_VM3 () Int 1)
  (define-fun C4_VM2 () Int 0)
  (define-fun C5_VM1 () Int 0)
  (define-fun PriceProv4 () Int 210)
  (define-fun StorageProv2 () Int 2000)
  (define-fun C3_VM3 () Int 0)
  (define-fun C5_VM4 () Int 1)
  (define-fun C1_VM4 () Int 0)
  (define-fun C2_VM8 () Int 0)
  (define-fun C3_VM2 () Int 0)
  (define-fun VM3Type () Int 433)
  (define-fun MemProv7 () Int 7500)
)

; =========================================
; Z3 Statistics (-st equivalent)
; =========================================

conflicts: 153380
decisions: 295141
propagations: 383035986
binary propagations: 326341271
restarts: 57
final checks: 129
added eqs: 855783
mk clause: 165171
mk clause binary: 84443
del clause: 153085
minimized lits: 37141801
num checks: 100
mk bool var: 24339
arith-lower: 119977777
arith-upper: 124029273
arith-conflicts: 35885
arith-bound-propagations-lp: 87728245
arith-make-feasible: 441748
arith-max-columns: 183
arith-max-rows: 99
arith-offset-eqs: 290997
arith-fixed-eqs: 1082891
rlimit count: 969607704
max memory: 70.49
memory: 58.87
num allocs: 159576578053.0
time: 81.78

; End of SMT2LIB result file
