; =========================================
; Z3 Solver Result
; =========================================

; STATUS: SAT

(set-logic QF_LIA)

(model
  (define-fun C2_VM2 () Int 0)
  (define-fun C5_VM6 () Int 0)
  (define-fun C2_VM1 () Int 1)
  (define-fun C3_VM5 () Int 0)
  (define-fun C3_VM8 () Int 0)
  (define-fun VM7Type () Int 182)
  (define-fun PriceProv2 () Int 126)
  (define-fun PriceProv6 () Int 126)
  (define-fun StorageProv5 () Int 2000)
  (define-fun C1_VM2 () Int 1)
  (define-fun C4_VM3 () Int 0)
  (define-fun MemProv6 () Int 3750)
  (define-fun C3_VM4 () Int 0)
  (define-fun C4_VM4 () Int 0)
  (define-fun PriceProv7 () Int 210)
  (define-fun C2_VM3 () Int 0)
  (define-fun StorageProv3 () Int 2000)
  (define-fun C5_VM2 () Int 0)
  (define-fun StorageProv4 () Int 2000)
  (define-fun VM1Type () Int 225)
  (define-fun C5_VM3 () Int 0)
  (define-fun PriceProv3 () Int 126)
  (define-fun C4_VM5 () Int 0)
  (define-fun C1_VM6 () Int 0)
  (define-fun C3_VM6 () Int 0)
  (define-fun PriceProv1 () Int 126)
  (define-fun ProcProv5 () Int 4)
  (define-fun C2_VM4 () Int 0)
  (define-fun C3_VM7 () Int 1)
  (define-fun C1_VM1 () Int 0)
  (define-fun VM6Type () Int 225)
  (define-fun StorageProv6 () Int 2000)
  (define-fun PriceProv5 () Int 210)
  (define-fun StorageProv1 () Int 2000)
  (define-fun ProcProv8 () Int 2)
  (define-fun C4_VM8 () Int 0)
  (define-fun C2_VM5 () Int 0)
  (define-fun C5_VM8 () Int 0)
  (define-fun VM8Type () Int 225)
  (define-fun PriceProv8 () Int 126)
  (define-fun ProcProv3 () Int 2)
  (define-fun StorageProv7 () Int 2000)
  (define-fun MemProv8 () Int 3750)
  (define-fun VM2Type () Int 225)
  (define-fun C2_VM6 () Int 1)
  (define-fun MemProv2 () Int 3750)
  (define-fun MemProv5 () Int 7500)
  (define-fun VM4Type () Int 182)
  (define-fun ProcProv4 () Int 4)
  (define-fun C5_VM5 () Int 1)
  (define-fun C5_VM7 () Int 0)
  (define-fun MemProv1 () Int 3750)
  (define-fun MemProv4 () Int 7500)
  (define-fun StorageProv8 () Int 2000)
  (define-fun C4_VM6 () Int 0)
  (define-fun MemProv3 () Int 3750)
  (define-fun C2_VM7 () Int 0)
  (define-fun C1_VM8 () Int 1)
  (define-fun C1_VM7 () Int 0)
  (define-fun C4_VM1 () Int 0)
  (define-fun ProcProv7 () Int 4)
  (define-fun C4_VM7 () Int 0)
  (define-fun C3_VM1 () Int 0)
  (define-fun VM5Type () Int 182)
  (define-fun ProcProv1 () Int 2)
  (define-fun C1_VM5 () Int 0)
  (define-fun ProcProv2 () Int 2)
  (define-fun ProcProv6 () Int 2)
  (define-fun C1_VM3 () Int 1)
  (define-fun C4_VM2 () Int 0)
  (define-fun C5_VM1 () Int 0)
  (define-fun PriceProv4 () Int 210)
  (define-fun StorageProv2 () Int 2000)
  (define-fun C3_VM3 () Int 0)
  (define-fun C5_VM4 () Int 1)
  (define-fun C1_VM4 () Int 0)
  (define-fun C2_VM8 () Int 0)
  (define-fun C3_VM2 () Int 0)
  (define-fun VM3Type () Int 225)
  (define-fun MemProv7 () Int 7500)
)

; =========================================
; Z3 Statistics (-st equivalent)
; =========================================

conflicts: 133017
decisions: 203215
propagations: 192627604
binary propagations: 162238402
restarts: 71
final checks: 145
added eqs: 840651
mk clause: 138888
mk clause binary: 43537
del clause: 132789
minimized lits: 21445440
num checks: 113
mk bool var: 12894
arith-lower: 57783192
arith-upper: 72124869
arith-conflicts: 34791
arith-bound-propagations-lp: 36988766
arith-make-feasible: 380334
arith-max-columns: 183
arith-max-rows: 99
arith-offset-eqs: 279768
arith-fixed-eqs: 1063765
rlimit count: 508563849
max memory: 44.0
memory: 36.68
num allocs: 67092545863.0
time: 50.854

; End of SMT2LIB result file
