; =========================================
; Z3 Solver Result
; =========================================

; STATUS: SAT

(set-logic QF_LIA)

(model
  (define-fun C2_VM2 () Int 0)
  (define-fun C5_VM6 () Int 0)
  (define-fun C2_VM1 () Int 1)
  (define-fun C3_VM5 () Int 0)
  (define-fun C3_VM8 () Int 0)
  (define-fun VM7Type () Int 26)
  (define-fun PriceProv2 () Int 128)
  (define-fun PriceProv6 () Int 128)
  (define-fun StorageProv5 () Int 2000)
  (define-fun C1_VM2 () Int 1)
  (define-fun C4_VM3 () Int 0)
  (define-fun MemProv6 () Int 3750)
  (define-fun C3_VM4 () Int 0)
  (define-fun C4_VM4 () Int 0)
  (define-fun PriceProv7 () Int 252)
  (define-fun C2_VM3 () Int 0)
  (define-fun StorageProv3 () Int 2000)
  (define-fun C5_VM2 () Int 0)
  (define-fun StorageProv4 () Int 2000)
  (define-fun VM1Type () Int 37)
  (define-fun C5_VM3 () Int 0)
  (define-fun PriceProv3 () Int 128)
  (define-fun C4_VM5 () Int 0)
  (define-fun C1_VM6 () Int 0)
  (define-fun C3_VM6 () Int 0)
  (define-fun PriceProv1 () Int 128)
  (define-fun ProcProv5 () Int 4)
  (define-fun C2_VM4 () Int 0)
  (define-fun C3_VM7 () Int 1)
  (define-fun C1_VM1 () Int 0)
  (define-fun VM6Type () Int 37)
  (define-fun StorageProv6 () Int 2000)
  (define-fun PriceProv5 () Int 252)
  (define-fun StorageProv1 () Int 2000)
  (define-fun ProcProv8 () Int 2)
  (define-fun C4_VM8 () Int 0)
  (define-fun C2_VM5 () Int 0)
  (define-fun C5_VM8 () Int 0)
  (define-fun VM8Type () Int 37)
  (define-fun PriceProv8 () Int 128)
  (define-fun ProcProv3 () Int 2)
  (define-fun StorageProv7 () Int 2000)
  (define-fun MemProv8 () Int 3750)
  (define-fun VM2Type () Int 37)
  (define-fun C2_VM6 () Int 1)
  (define-fun MemProv2 () Int 3750)
  (define-fun MemProv5 () Int 7500)
  (define-fun VM4Type () Int 26)
  (define-fun ProcProv4 () Int 4)
  (define-fun C5_VM5 () Int 1)
  (define-fun C5_VM7 () Int 0)
  (define-fun MemProv1 () Int 3750)
  (define-fun MemProv4 () Int 7500)
  (define-fun StorageProv8 () Int 2000)
  (define-fun C4_VM6 () Int 0)
  (define-fun MemProv3 () Int 3750)
  (define-fun C2_VM7 () Int 0)
  (define-fun C1_VM8 () Int 1)
  (define-fun C1_VM7 () Int 0)
  (define-fun C4_VM1 () Int 0)
  (define-fun ProcProv7 () Int 4)
  (define-fun C4_VM7 () Int 0)
  (define-fun C3_VM1 () Int 0)
  (define-fun VM5Type () Int 27)
  (define-fun ProcProv1 () Int 2)
  (define-fun C1_VM5 () Int 0)
  (define-fun ProcProv2 () Int 2)
  (define-fun ProcProv6 () Int 2)
  (define-fun C1_VM3 () Int 1)
  (define-fun C4_VM2 () Int 0)
  (define-fun C5_VM1 () Int 0)
  (define-fun PriceProv4 () Int 252)
  (define-fun StorageProv2 () Int 2000)
  (define-fun C3_VM3 () Int 0)
  (define-fun C5_VM4 () Int 1)
  (define-fun C1_VM4 () Int 0)
  (define-fun C2_VM8 () Int 0)
  (define-fun C3_VM2 () Int 0)
  (define-fun VM3Type () Int 37)
  (define-fun MemProv7 () Int 7500)
)

; =========================================
; Z3 Statistics (-st equivalent)
; =========================================

conflicts: 43809
decisions: 62000
propagations: 13249678
binary propagations: 10736923
restarts: 38
final checks: 69
added eqs: 276267
mk clause: 44730
mk clause binary: 8339
del clause: 43658
minimized lits: 792400
num checks: 55
mk bool var: 2800
arith-lower: 4832343
arith-upper: 3976830
arith-conflicts: 11540
arith-bound-propagations-lp: 2152978
arith-make-feasible: 131254
arith-max-columns: 183
arith-max-rows: 99
arith-offset-eqs: 86374
arith-fixed-eqs: 335304
num allocs: 311845717
rlimit count: 40299059
max memory: 23.9
memory: 23.9
time: 10.328

; End of SMT2LIB result file
