; =========================================
; Z3 Solver Result
; =========================================

; STATUS: SAT

(set-logic QF_LIA)

(model
  (define-fun C2_VM2 () Int 1)
  (define-fun C5_VM6 () Int 0)
  (define-fun C2_VM1 () Int 0)
  (define-fun C5_VM9 () Int 0)
  (define-fun VM7Type () Int 433)
  (define-fun PriceProv6 () Int 116)
  (define-fun C1_VM10 () Int 1)
  (define-fun C3_VM10 () Int 0)
  (define-fun C1_VM2 () Int 0)
  (define-fun C4_VM3 () Int 0)
  (define-fun C3_VM4 () Int 0)
  (define-fun C4_VM4 () Int 0)
  (define-fun VM10Type () Int 433)
  (define-fun C5_VM2 () Int 0)
  (define-fun StorageProv3 () Int 2000)
  (define-fun StorageProv4 () Int 2000)
  (define-fun PriceProv9 () Int 116)
  (define-fun C4_VM5 () Int 0)
  (define-fun C3_VM6 () Int 0)
  (define-fun C2_VM4 () Int 1)
  (define-fun ProcProv8 () Int 4)
  (define-fun C1_VM1 () Int 0)
  (define-fun StorageProv10 () Int 2000)
  (define-fun PriceProv5 () Int 116)
  (define-fun C4_VM8 () Int 0)
  (define-fun C5_VM8 () Int 1)
  (define-fun VM8Type () Int 341)
  (define-fun PriceProv8 () Int 210)
  (define-fun C4_VM9 () Int 0)
  (define-fun C2_VM6 () Int 0)
  (define-fun VM4Type () Int 433)
  (define-fun C5_VM7 () Int 0)
  (define-fun C1_VM9 () Int 1)
  (define-fun MemProv4 () Int 3750)
  (define-fun StorageProv8 () Int 2000)
  (define-fun C4_VM6 () Int 0)
  (define-fun C2_VM7 () Int 1)
  (define-fun C5_VM10 () Int 0)
  (define-fun C1_VM7 () Int 0)
  (define-fun C2_VM10 () Int 0)
  (define-fun C4_VM7 () Int 0)
  (define-fun VM5Type () Int 433)
  (define-fun ProcProv1 () Int 4)
  (define-fun C1_VM5 () Int 1)
  (define-fun C2_VM9 () Int 0)
  (define-fun C5_VM1 () Int 0)
  (define-fun PriceProv4 () Int 116)
  (define-fun StorageProv2 () Int 2000)
  (define-fun C3_VM3 () Int 0)
  (define-fun MemProv9 () Int 3750)
  (define-fun C3_VM2 () Int 0)
  (define-fun VM3Type () Int 341)
  (define-fun MemProv7 () Int 3750)
  (define-fun C3_VM5 () Int 0)
  (define-fun C3_VM8 () Int 0)
  (define-fun PriceProv2 () Int 116)
  (define-fun StorageProv5 () Int 2000)
  (define-fun MemProv6 () Int 3750)
  (define-fun PriceProv7 () Int 116)
  (define-fun C3_VM9 () Int 0)
  (define-fun C2_VM3 () Int 0)
  (define-fun VM1Type () Int 341)
  (define-fun C5_VM3 () Int 1)
  (define-fun VM9Type () Int 433)
  (define-fun PriceProv3 () Int 210)
  (define-fun PriceProv10 () Int 116)
  (define-fun PriceProv1 () Int 210)
  (define-fun C1_VM6 () Int 1)
  (define-fun ProcProv5 () Int 2)
  (define-fun MemProv8 () Int 7500)
  (define-fun C3_VM7 () Int 0)
  (define-fun VM6Type () Int 433)
  (define-fun StorageProv6 () Int 2000)
  (define-fun ProcProv9 () Int 2)
  (define-fun StorageProv1 () Int 2000)
  (define-fun C2_VM5 () Int 0)
  (define-fun ProcProv3 () Int 4)
  (define-fun StorageProv7 () Int 2000)
  (define-fun VM2Type () Int 433)
  (define-fun MemProv2 () Int 3750)
  (define-fun MemProv5 () Int 3750)
  (define-fun ProcProv4 () Int 2)
  (define-fun C5_VM5 () Int 0)
  (define-fun MemProv1 () Int 7500)
  (define-fun MemProv10 () Int 3750)
  (define-fun MemProv3 () Int 7500)
  (define-fun C1_VM8 () Int 0)
  (define-fun C4_VM1 () Int 0)
  (define-fun ProcProv7 () Int 2)
  (define-fun C3_VM1 () Int 1)
  (define-fun ProcProv10 () Int 2)
  (define-fun ProcProv2 () Int 2)
  (define-fun ProcProv6 () Int 2)
  (define-fun C1_VM3 () Int 0)
  (define-fun C4_VM2 () Int 0)
  (define-fun C4_VM10 () Int 0)
  (define-fun C5_VM4 () Int 0)
  (define-fun C1_VM4 () Int 0)
  (define-fun C2_VM8 () Int 0)
  (define-fun StorageProv9 () Int 2000)
)

; =========================================
; Z3 Statistics (-st equivalent)
; =========================================

conflicts: 1257141
decisions: 1615018
propagations: 3784483983
binary propagations: 3101420749
restarts: 66
final checks: 121
added eqs: 8180593
mk clause: 1271524
mk clause binary: 105538
del clause: 1256423
minimized lits: 275786939
num checks: 93
mk bool var: 30374
arith-lower: 1109585232
arith-upper: 1360604016
arith-conflicts: 357991
arith-bound-propagations-lp: 844008022
arith-make-feasible: 3370918
arith-max-columns: 225
arith-max-rows: 121
arith-offset-eqs: 2547118
arith-fixed-eqs: 10955699
max memory: 85.27
memory: 71.67
num allocs: 7734943340136.0
rlimit count: 9627734390.0
time: 3044.904

; End of SMT2LIB result file
