; =========================================
; Z3 Solver Result
; =========================================

; STATUS: SAT

(set-logic QF_LIA)

(model
  (define-fun C3_VM1 () Int 0)
  (define-fun C1_VM8 () Int 1)
  (define-fun C4_VM6 () Int 0)
  (define-fun C3_VM2 () Int 0)
  (define-fun PriceProv6 () Int 210)
  (define-fun C1_VM3 () Int 0)
  (define-fun C3_VM6 () Int 0)
  (define-fun C3_VM10 () Int 0)
  (define-fun C2_VM5 () Int 0)
  (define-fun StorageProv3 () Int 2000)
  (define-fun C2_VM9 () Int 0)
  (define-fun StorageProv4 () Int 2000)
  (define-fun C5_VM4 () Int 0)
  (define-fun PriceProv9 () Int 210)
  (define-fun VM3Type () Int 433)
  (define-fun C1_VM10 () Int 0)
  (define-fun C2_VM8 () Int 0)
  (define-fun C5_VM7 () Int 0)
  (define-fun VM9Type () Int 341)
  (define-fun ProcProv8 () Int 2)
  (define-fun StorageProv10 () Int 2000)
  (define-fun C5_VM6 () Int 1)
  (define-fun C2_VM2 () Int 0)
  (define-fun VM4Type () Int 433)
  (define-fun PriceProv5 () Int 210)
  (define-fun PriceProv8 () Int 116)
  (define-fun C4_VM2 () Int 0)
  (define-fun C3_VM5 () Int 0)
  (define-fun C5_VM3 () Int 0)
  (define-fun C1_VM9 () Int 0)
  (define-fun C4_VM1 () Int 0)
  (define-fun MemProv4 () Int 3750)
  (define-fun StorageProv8 () Int 2000)
  (define-fun VM5Type () Int 341)
  (define-fun VM8Type () Int 433)
  (define-fun ProcProv1 () Int 2)
  (define-fun C5_VM2 () Int 0)
  (define-fun PriceProv4 () Int 116)
  (define-fun C1_VM4 () Int 0)
  (define-fun StorageProv2 () Int 2000)
  (define-fun C3_VM8 () Int 0)
  (define-fun C3_VM7 () Int 0)
  (define-fun MemProv9 () Int 7500)
  (define-fun C4_VM3 () Int 0)
  (define-fun C3_VM9 () Int 1)
  (define-fun MemProv7 () Int 3750)
  (define-fun VM6Type () Int 341)
  (define-fun PriceProv2 () Int 116)
  (define-fun StorageProv5 () Int 2000)
  (define-fun C3_VM3 () Int 0)
  (define-fun C2_VM3 () Int 1)
  (define-fun MemProv6 () Int 7500)
  (define-fun PriceProv7 () Int 116)
  (define-fun VM1Type () Int 433)
  (define-fun C1_VM1 () Int 1)
  (define-fun C5_VM1 () Int 0)
  (define-fun C1_VM6 () Int 0)
  (define-fun VM10Type () Int 433)
  (define-fun PriceProv10 () Int 116)
  (define-fun PriceProv3 () Int 116)
  (define-fun PriceProv1 () Int 116)
  (define-fun C2_VM7 () Int 0)
  (define-fun ProcProv5 () Int 4)
  (define-fun MemProv8 () Int 3750)
  (define-fun C4_VM5 () Int 0)
  (define-fun StorageProv6 () Int 2000)
  (define-fun ProcProv9 () Int 4)
  (define-fun C1_VM2 () Int 1)
  (define-fun StorageProv1 () Int 2000)
  (define-fun C2_VM1 () Int 0)
  (define-fun ProcProv3 () Int 2)
  (define-fun StorageProv7 () Int 2000)
  (define-fun C2_VM10 () Int 1)
  (define-fun C4_VM4 () Int 0)
  (define-fun C2_VM6 () Int 0)
  (define-fun VM7Type () Int 433)
  (define-fun MemProv2 () Int 3750)
  (define-fun MemProv5 () Int 7500)
  (define-fun VM2Type () Int 433)
  (define-fun ProcProv4 () Int 2)
  (define-fun C2_VM4 () Int 1)
  (define-fun C4_VM10 () Int 0)
  (define-fun C3_VM4 () Int 0)
  (define-fun C4_VM9 () Int 0)
  (define-fun C5_VM5 () Int 1)
  (define-fun MemProv1 () Int 3750)
  (define-fun MemProv10 () Int 3750)
  (define-fun C4_VM8 () Int 0)
  (define-fun C4_VM7 () Int 0)
  (define-fun C5_VM8 () Int 0)
  (define-fun C1_VM5 () Int 0)
  (define-fun MemProv3 () Int 3750)
  (define-fun C1_VM7 () Int 1)
  (define-fun ProcProv7 () Int 2)
  (define-fun ProcProv10 () Int 2)
  (define-fun ProcProv2 () Int 2)
  (define-fun ProcProv6 () Int 4)
  (define-fun C5_VM9 () Int 0)
  (define-fun StorageProv9 () Int 2000)
  (define-fun C5_VM10 () Int 0)
)

; Optimized objective values
(define-fun objective1 () Int 1442)

; =========================================
; Z3 Statistics (-st equivalent)
; =========================================

conflicts: 4260961
decisions: 5818616
propagations: 1893685600
binary propagations: 1783833743
restarts: 4187
final checks: 153
added eqs: 748854684
mk clause: 1270033684
mk clause binary: 69758
del clause: 1270028385
minimized lits: 741513767
num checks: 118
mk bool var: 2798066
pb resolves: 70721
pb conflicts: 312134
pb propagations: 2978361
pb predicates: 7
arith eq adapter: 22206
arith-lower: 1706685129
arith-upper: 872233427
arith-conflicts: 916491
arith-bound-propagations-lp: 3179161500
arith-diseq: 1272204364
arith-make-feasible: 11593184
arith-max-columns: 615
arith-max-rows: 32
arith-fixed-eqs: 241568
bv dynamic diseqs: 1265502715
bv bit2core: 12105752
bv->core eq: 469
max memory: 86.16
memory: 74.76
num allocs: 11000770536411.0
rlimit count: 17737358181.0
time: 2429.767

; End of SMT2LIB result file
