; =========================================
; Z3 Solver Result
; =========================================

; STATUS: SAT

(set-logic QF_LIA)

(model
  (define-fun MemProv4 () Int 3750)
  (define-fun ProcProv5 () Int 2)
  (define-fun C3_VM5 () Int 0)
  (define-fun C1_VM8 () Int 0)
  (define-fun C1_VM1 () Int 1)
  (define-fun C2_VM10 () Int 1)
  (define-fun ProcProv8 () Int 4)
  (define-fun StorageProv9 () Int 2000)
  (define-fun C5_VM8 () Int 1)
  (define-fun C5_VM4 () Int 0)
  (define-fun VM4Type () Int 37)
  (define-fun C2_VM4 () Int 1)
  (define-fun C4_VM8 () Int 0)
  (define-fun PriceProv5 () Int 128)
  (define-fun MemProv1 () Int 3750)
  (define-fun C5_VM10 () Int 0)
  (define-fun ProcProv10 () Int 2)
  (define-fun ProcProv7 () Int 4)
  (define-fun C4_VM3 () Int 0)
  (define-fun VM7Type () Int 26)
  (define-fun C1_VM10 () Int 0)
  (define-fun VM5Type () Int 37)
  (define-fun C2_VM1 () Int 0)
  (define-fun C4_VM10 () Int 0)
  (define-fun C5_VM7 () Int 0)
  (define-fun C2_VM2 () Int 1)
  (define-fun C3_VM10 () Int 0)
  (define-fun StorageProv10 () Int 2000)
  (define-fun C5_VM6 () Int 0)
  (define-fun StorageProv2 () Int 2000)
  (define-fun MemProv3 () Int 7500)
  (define-fun ProcProv4 () Int 2)
  (define-fun VM3Type () Int 26)
  (define-fun VM9Type () Int 37)
  (define-fun VM2Type () Int 37)
  (define-fun C5_VM3 () Int 1)
  (define-fun ProcProv2 () Int 2)
  (define-fun C4_VM6 () Int 0)
  (define-fun MemProv10 () Int 3750)
  (define-fun C3_VM2 () Int 0)
  (define-fun C1_VM4 () Int 0)
  (define-fun C3_VM7 () Int 1)
  (define-fun MemProv2 () Int 3750)
  (define-fun ProcProv1 () Int 2)
  (define-fun C1_VM9 () Int 1)
  (define-fun MemProv9 () Int 3750)
  (define-fun C1_VM5 () Int 1)
  (define-fun PriceProv8 () Int 252)
  (define-fun C5_VM9 () Int 0)
  (define-fun StorageProv8 () Int 2000)
  (define-fun StorageProv3 () Int 2000)
  (define-fun VM1Type () Int 37)
  (define-fun C5_VM5 () Int 0)
  (define-fun VM6Type () Int 37)
  (define-fun C3_VM4 () Int 0)
  (define-fun C4_VM7 () Int 0)
  (define-fun ProcProv6 () Int 2)
  (define-fun C2_VM5 () Int 0)
  (define-fun MemProv7 () Int 7500)
  (define-fun C3_VM8 () Int 0)
  (define-fun PriceProv4 () Int 128)
  (define-fun PriceProv2 () Int 128)
  (define-fun C3_VM9 () Int 0)
  (define-fun PriceProv10 () Int 128)
  (define-fun StorageProv7 () Int 2000)
  (define-fun C5_VM2 () Int 0)
  (define-fun PriceProv7 () Int 252)
  (define-fun StorageProv4 () Int 2000)
  (define-fun C4_VM1 () Int 0)
  (define-fun C4_VM2 () Int 0)
  (define-fun C2_VM8 () Int 0)
  (define-fun C3_VM1 () Int 0)
  (define-fun MemProv6 () Int 3750)
  (define-fun PriceProv1 () Int 128)
  (define-fun StorageProv5 () Int 2000)
  (define-fun VM10Type () Int 37)
  (define-fun StorageProv6 () Int 2000)
  (define-fun C4_VM4 () Int 0)
  (define-fun C1_VM6 () Int 1)
  (define-fun MemProv5 () Int 3750)
  (define-fun StorageProv1 () Int 2000)
  (define-fun ProcProv3 () Int 4)
  (define-fun C3_VM6 () Int 0)
  (define-fun PriceProv9 () Int 128)
  (define-fun PriceProv3 () Int 252)
  (define-fun C3_VM3 () Int 0)
  (define-fun C2_VM7 () Int 0)
  (define-fun PriceProv6 () Int 128)
  (define-fun MemProv8 () Int 7500)
  (define-fun C1_VM7 () Int 0)
  (define-fun C1_VM2 () Int 0)
  (define-fun VM8Type () Int 27)
  (define-fun ProcProv9 () Int 2)
  (define-fun C4_VM9 () Int 0)
  (define-fun C2_VM3 () Int 0)
  (define-fun C1_VM3 () Int 0)
  (define-fun C4_VM5 () Int 0)
  (define-fun C2_VM9 () Int 0)
  (define-fun C5_VM1 () Int 0)
  (define-fun C2_VM6 () Int 0)
)

; Optimized objective values
(define-fun objective1 () Int 1652)

; =========================================
; Z3 Statistics (-st equivalent)
; =========================================

conflicts: 688173
decisions: 1034509
propagations: 347668612
binary propagations: 241751843
restarts: 1856
final checks: 181
added eqs: 24539316
mk clause: 732718
mk clause binary: 10998
del clause: 730058
minimized lits: 17743664
num checks: 139
mk bool var: 21307
pb resolves: 32798
pb conflicts: 70897
pb propagations: 960988
pb predicates: 767
arith eq adapter: 9184
arith-lower: 52652452
arith-upper: 30361654
arith-conflicts: 96268
arith-bound-propagations-lp: 49983298
arith-diseq: 36993343
arith-make-feasible: 2130188
arith-max-columns: 196
arith-max-rows: 32
arith-fixed-eqs: 305028
rlimit count: 734559498
max memory: 32.33
memory: 32.33
num allocs: 6400748149.0
time: 89.764

; End of SMT2LIB result file
