; =========================================
; Z3 Solver Result
; =========================================

; STATUS: SAT

(set-logic QF_LIA)

(model
  (define-fun C3_VM1 () Int 0)
  (define-fun C1_VM8 () Int 0)
  (define-fun C4_VM6 () Int 0)
  (define-fun C3_VM2 () Int 0)
  (define-fun PriceProv6 () Int 116)
  (define-fun C1_VM3 () Int 0)
  (define-fun C3_VM6 () Int 0)
  (define-fun C3_VM10 () Int 0)
  (define-fun C2_VM5 () Int 0)
  (define-fun StorageProv3 () Int 2000)
  (define-fun C2_VM9 () Int 0)
  (define-fun StorageProv4 () Int 2000)
  (define-fun C5_VM4 () Int 0)
  (define-fun PriceProv9 () Int 116)
  (define-fun VM3Type () Int 341)
  (define-fun C1_VM10 () Int 0)
  (define-fun C2_VM8 () Int 0)
  (define-fun C5_VM7 () Int 0)
  (define-fun VM9Type () Int 433)
  (define-fun ProcProv8 () Int 4)
  (define-fun StorageProv10 () Int 2000)
  (define-fun C5_VM6 () Int 0)
  (define-fun C2_VM2 () Int 1)
  (define-fun VM4Type () Int 433)
  (define-fun PriceProv5 () Int 116)
  (define-fun PriceProv8 () Int 210)
  (define-fun C4_VM2 () Int 0)
  (define-fun C3_VM5 () Int 0)
  (define-fun C5_VM3 () Int 1)
  (define-fun C1_VM9 () Int 1)
  (define-fun C4_VM1 () Int 0)
  (define-fun MemProv4 () Int 3750)
  (define-fun StorageProv8 () Int 2000)
  (define-fun VM5Type () Int 433)
  (define-fun VM8Type () Int 341)
  (define-fun ProcProv1 () Int 2)
  (define-fun C5_VM2 () Int 0)
  (define-fun PriceProv4 () Int 116)
  (define-fun C1_VM4 () Int 0)
  (define-fun StorageProv2 () Int 2000)
  (define-fun C3_VM8 () Int 0)
  (define-fun C3_VM7 () Int 1)
  (define-fun MemProv9 () Int 3750)
  (define-fun C4_VM3 () Int 0)
  (define-fun C3_VM9 () Int 0)
  (define-fun MemProv7 () Int 7500)
  (define-fun VM6Type () Int 433)
  (define-fun PriceProv2 () Int 116)
  (define-fun StorageProv5 () Int 2000)
  (define-fun C3_VM3 () Int 0)
  (define-fun C2_VM3 () Int 0)
  (define-fun MemProv6 () Int 3750)
  (define-fun PriceProv7 () Int 210)
  (define-fun VM1Type () Int 433)
  (define-fun C1_VM1 () Int 1)
  (define-fun C5_VM1 () Int 0)
  (define-fun C1_VM6 () Int 1)
  (define-fun VM10Type () Int 433)
  (define-fun PriceProv10 () Int 116)
  (define-fun PriceProv3 () Int 210)
  (define-fun PriceProv1 () Int 116)
  (define-fun C2_VM7 () Int 0)
  (define-fun ProcProv5 () Int 2)
  (define-fun MemProv8 () Int 7500)
  (define-fun C4_VM5 () Int 0)
  (define-fun StorageProv6 () Int 2000)
  (define-fun ProcProv9 () Int 2)
  (define-fun C1_VM2 () Int 0)
  (define-fun StorageProv1 () Int 2000)
  (define-fun C2_VM1 () Int 0)
  (define-fun ProcProv3 () Int 4)
  (define-fun StorageProv7 () Int 2000)
  (define-fun C2_VM10 () Int 1)
  (define-fun C4_VM4 () Int 0)
  (define-fun C2_VM6 () Int 0)
  (define-fun VM7Type () Int 341)
  (define-fun MemProv2 () Int 3750)
  (define-fun MemProv5 () Int 3750)
  (define-fun VM2Type () Int 433)
  (define-fun ProcProv4 () Int 2)
  (define-fun C2_VM4 () Int 1)
  (define-fun C4_VM10 () Int 0)
  (define-fun C3_VM4 () Int 0)
  (define-fun C4_VM9 () Int 0)
  (define-fun C5_VM5 () Int 0)
  (define-fun MemProv1 () Int 3750)
  (define-fun MemProv10 () Int 3750)
  (define-fun C4_VM8 () Int 0)
  (define-fun C4_VM7 () Int 0)
  (define-fun C5_VM8 () Int 1)
  (define-fun C1_VM5 () Int 1)
  (define-fun MemProv3 () Int 7500)
  (define-fun C1_VM7 () Int 0)
  (define-fun ProcProv7 () Int 4)
  (define-fun ProcProv10 () Int 2)
  (define-fun ProcProv2 () Int 2)
  (define-fun ProcProv6 () Int 2)
  (define-fun C5_VM9 () Int 0)
  (define-fun StorageProv9 () Int 2000)
  (define-fun C5_VM10 () Int 0)
)

; Optimized objective values
(define-fun objective1 () Int 1442)

; =========================================
; Z3 Statistics (-st equivalent)
; =========================================

conflicts: 2736478
decisions: 3855681
propagations: 4136267633
binary propagations: 4051184229
restarts: 2769
final checks: 85
added eqs: 445492792
mk clause: 822474164
mk clause binary: 69432
del clause: 822468929
minimized lits: 451426106
num checks: 66
mk bool var: 2114398
pb resolves: 36343
pb conflicts: 188666
pb propagations: 1720057
pb predicates: 7
arith eq adapter: 32580
arith-lower: 1094892259
arith-upper: 563650877
arith-conflicts: 569845
arith-bound-propagations-lp: 2106466805
arith-diseq: 817756572
arith-make-feasible: 7560055
arith-max-columns: 615
arith-max-rows: 32
arith-fixed-eqs: 137248
bv dynamic diseqs: 819504918
bv bit2core: 7002211
bv->core eq: 537
max memory: 83.62
memory: 73.98
num allocs: 4458043135297.0
rlimit count: 11618062989.0
time: 2746.187

; End of SMT2LIB result file
