; =========================================
; Z3 Solver Result
; =========================================

; STATUS: SAT

(set-logic QF_LIA)

(model
  (define-fun MemProv4 () Int 7500)
  (define-fun ProcProv5 () Int 2)
  (define-fun C3_VM5 () Int 0)
  (define-fun C1_VM8 () Int 1)
  (define-fun C1_VM1 () Int 0)
  (define-fun C2_VM10 () Int 0)
  (define-fun ProcProv8 () Int 2)
  (define-fun StorageProv9 () Int 2000)
  (define-fun C5_VM8 () Int 0)
  (define-fun C5_VM4 () Int 1)
  (define-fun VM4Type () Int 26)
  (define-fun C2_VM4 () Int 0)
  (define-fun C4_VM8 () Int 0)
  (define-fun PriceProv5 () Int 128)
  (define-fun MemProv1 () Int 3750)
  (define-fun C5_VM10 () Int 0)
  (define-fun ProcProv10 () Int 4)
  (define-fun ProcProv7 () Int 4)
  (define-fun C4_VM3 () Int 0)
  (define-fun VM7Type () Int 26)
  (define-fun C1_VM10 () Int 0)
  (define-fun VM5Type () Int 37)
  (define-fun C2_VM1 () Int 1)
  (define-fun C4_VM10 () Int 0)
  (define-fun C5_VM7 () Int 1)
  (define-fun C2_VM2 () Int 0)
  (define-fun C3_VM10 () Int 1)
  (define-fun StorageProv10 () Int 2000)
  (define-fun C5_VM6 () Int 0)
  (define-fun StorageProv2 () Int 2000)
  (define-fun MemProv3 () Int 3750)
  (define-fun ProcProv4 () Int 4)
  (define-fun VM3Type () Int 37)
  (define-fun VM9Type () Int 37)
  (define-fun VM2Type () Int 37)
  (define-fun C5_VM3 () Int 0)
  (define-fun ProcProv2 () Int 2)
  (define-fun C4_VM6 () Int 0)
  (define-fun MemProv10 () Int 7500)
  (define-fun C3_VM2 () Int 0)
  (define-fun C1_VM4 () Int 0)
  (define-fun C3_VM7 () Int 0)
  (define-fun MemProv2 () Int 3750)
  (define-fun ProcProv1 () Int 2)
  (define-fun C1_VM9 () Int 1)
  (define-fun MemProv9 () Int 3750)
  (define-fun C1_VM5 () Int 0)
  (define-fun PriceProv8 () Int 128)
  (define-fun C5_VM9 () Int 0)
  (define-fun StorageProv8 () Int 2000)
  (define-fun StorageProv3 () Int 2000)
  (define-fun VM1Type () Int 37)
  (define-fun C5_VM5 () Int 0)
  (define-fun VM6Type () Int 37)
  (define-fun C3_VM4 () Int 0)
  (define-fun C4_VM7 () Int 0)
  (define-fun ProcProv6 () Int 2)
  (define-fun C2_VM5 () Int 1)
  (define-fun MemProv7 () Int 7500)
  (define-fun C3_VM8 () Int 0)
  (define-fun PriceProv4 () Int 252)
  (define-fun PriceProv2 () Int 128)
  (define-fun C3_VM9 () Int 0)
  (define-fun PriceProv10 () Int 252)
  (define-fun StorageProv7 () Int 2000)
  (define-fun C5_VM2 () Int 0)
  (define-fun PriceProv7 () Int 252)
  (define-fun StorageProv4 () Int 2000)
  (define-fun C4_VM1 () Int 0)
  (define-fun C4_VM2 () Int 0)
  (define-fun C2_VM8 () Int 0)
  (define-fun C3_VM1 () Int 0)
  (define-fun MemProv6 () Int 3750)
  (define-fun PriceProv1 () Int 128)
  (define-fun StorageProv5 () Int 2000)
  (define-fun VM10Type () Int 26)
  (define-fun StorageProv6 () Int 2000)
  (define-fun C4_VM4 () Int 0)
  (define-fun C1_VM6 () Int 1)
  (define-fun MemProv5 () Int 3750)
  (define-fun StorageProv1 () Int 2000)
  (define-fun ProcProv3 () Int 2)
  (define-fun C3_VM6 () Int 0)
  (define-fun PriceProv9 () Int 128)
  (define-fun PriceProv3 () Int 128)
  (define-fun C3_VM3 () Int 0)
  (define-fun C2_VM7 () Int 0)
  (define-fun PriceProv6 () Int 128)
  (define-fun MemProv8 () Int 3750)
  (define-fun C1_VM7 () Int 0)
  (define-fun C1_VM2 () Int 1)
  (define-fun VM8Type () Int 37)
  (define-fun ProcProv9 () Int 2)
  (define-fun C4_VM9 () Int 0)
  (define-fun C2_VM3 () Int 1)
  (define-fun C1_VM3 () Int 0)
  (define-fun C4_VM5 () Int 0)
  (define-fun C2_VM9 () Int 0)
  (define-fun C5_VM1 () Int 0)
  (define-fun C2_VM6 () Int 0)
)

; Optimized objective values
(define-fun objective1 () Int 1652)

; =========================================
; Z3 Statistics (-st equivalent)
; =========================================

conflicts: 824224
decisions: 1144980
propagations: 407393969
binary propagations: 206373646
restarts: 2279
final checks: 289
added eqs: 29094090
mk clause: 876024
mk clause binary: 7347
del clause: 873800
minimized lits: 20005407
num checks: 221
mk bool var: 31667
pb resolves: 42942
pb conflicts: 86191
pb propagations: 1961053
pb predicates: 767
arith eq adapter: 14343
arith-lower: 60956157
arith-upper: 35092853
arith-conflicts: 116157
arith-bound-propagations-lp: 61069121
arith-diseq: 43079651
arith-make-feasible: 2503052
arith-max-columns: 196
arith-max-rows: 32
arith-fixed-eqs: 358542
rlimit count: 869873171
max memory: 33.13
memory: 33.03
num allocs: 5258961560.0
time: 104.651

; End of SMT2LIB result file
